<?xml version="1.0" encoding="UTF-8"?>
<testsuite xmlns:xsi="http://www.w3.org/2001/XMLSchema-instance" xsi:noNamespaceSchemaLocation="https://maven.apache.org/surefire/maven-surefire-plugin/xsd/surefire-test-report-3.0.xsd" version="3.0" name="com.rouchFirstCode.Customer.CustomerJDBCDataAccessServiceTest" time="2.463" tests="11" errors="0" skipped="0" failures="0">
  <properties>
[...]
</properties>
  <testcase name="updateThisCustomer" classname="com.rouchFirstCode.Customer.CustomerJDBCDataAccessServiceTest" time="0.444">
    <system-out><![CDATA[14:56:54.516 [main] INFO 🐳 [postgres:latest] -- Creating container for image: postgres:latest
14:56:54.578 [main] INFO 🐳 [postgres:latest] -- Container postgres:latest is starting: c98a755c5f71ce30767000cfd1083ec10ab0ed049c0b1747ae031e8441159032
14:56:55.551 [main] INFO 🐳 [postgres:latest] -- Container postgres:latest started in PT1.035765S
14:56:55.553 [main] INFO 🐳 [postgres:latest] -- Container is started (JDBC URL: jdbc:postgresql://localhost:50238/amigoscode-dao-unit-test?loggerLevel=OFF)
14:56:55.565 [main] INFO org.flywaydb.core.internal.license.VersionPrinter -- Flyway Community Edition 9.0.0 by Redgate
14:56:55.565 [main] INFO org.flywaydb.core.internal.license.VersionPrinter -- See what's new here: https://flywaydb.org/documentation/learnmore/releaseNotes#9.0.0
14:56:55.565 [main] INFO org.flywaydb.core.internal.license.VersionPrinter -- 
14:56:55.617 [main] INFO org.flywaydb.core.internal.database.base.BaseDatabaseType -- Database: jdbc:postgresql://localhost:50238/amigoscode-dao-unit-test (PostgreSQL 17.0)
14:56:55.622 [main] WARN org.flywaydb.core.internal.database.base.Database -- Flyway upgrade recommended: PostgreSQL 17.0 is newer than this version of Flyway and support has not been tested. The latest supported version of PostgreSQL is 14.
14:56:55.629 [main] INFO org.flywaydb.core.internal.command.DbValidate -- Successfully validated 2 migrations (execution time 00:00.004s)
14:56:55.636 [main] INFO org.flywaydb.core.internal.schemahistory.JdbcTableSchemaHistory -- Creating Schema History table "public"."flyway_schema_history" ...
14:56:55.648 [main] INFO org.flywaydb.core.internal.command.DbMigrate -- Current version of schema "public": << Empty Schema >>
14:56:55.659 [main] INFO org.flywaydb.core.internal.command.DbMigrate -- Migrating schema "public" to version "1 - Initial Setup"
14:56:55.676 [main] INFO org.flywaydb.core.internal.command.DbMigrate -- Migrating schema "public" to version "2 - Update Email Column Constraint"
14:56:55.686 [main] INFO org.flywaydb.core.internal.command.DbMigrate -- Successfully applied 2 migrations to schema "public", now at version v2 (execution time 00:00.040s)
14:56:55.967 [main] INFO com.zaxxer.hikari.HikariDataSource -- HikariPool-1 - Starting...
14:56:56.022 [main] INFO com.zaxxer.hikari.pool.HikariPool -- HikariPool-1 - Added connection org.postgresql.jdbc.PgConnection@7534785a
14:56:56.023 [main] INFO com.zaxxer.hikari.HikariDataSource -- HikariPool-1 - Start completed.
jdbcTemplate.update.insert = 1
update customer name result = 1
update customer age result = 1
update customer email result = 1
]]></system-out>
  </testcase>
  <testcase name="selectAllCustomers" classname="com.rouchFirstCode.Customer.CustomerJDBCDataAccessServiceTest" time="0.044">
    <system-out><![CDATA[14:56:56.148 [main] INFO com.zaxxer.hikari.HikariDataSource -- HikariPool-2 - Starting...
14:56:56.176 [main] INFO com.zaxxer.hikari.pool.HikariPool -- HikariPool-2 - Added connection org.postgresql.jdbc.PgConnection@38f502fc
14:56:56.176 [main] INFO com.zaxxer.hikari.HikariDataSource -- HikariPool-2 - Start completed.
jdbcTemplate.update.insert = 1
]]></system-out>
  </testcase>
  <testcase name="existPersonWithId" classname="com.rouchFirstCode.Customer.CustomerJDBCDataAccessServiceTest" time="0.042">
    <system-out><![CDATA[14:56:56.193 [main] INFO com.zaxxer.hikari.HikariDataSource -- HikariPool-3 - Starting...
14:56:56.220 [main] INFO com.zaxxer.hikari.pool.HikariPool -- HikariPool-3 - Added connection org.postgresql.jdbc.PgConnection@4abbe41c
14:56:56.221 [main] INFO com.zaxxer.hikari.HikariDataSource -- HikariPool-3 - Start completed.
jdbcTemplate.update.insert = 1
]]></system-out>
  </testcase>
  <testcase name="deleteCustomerById" classname="com.rouchFirstCode.Customer.CustomerJDBCDataAccessServiceTest" time="0.044">
    <system-out><![CDATA[14:56:56.238 [main] INFO com.zaxxer.hikari.HikariDataSource -- HikariPool-4 - Starting...
14:56:56.264 [main] INFO com.zaxxer.hikari.pool.HikariPool -- HikariPool-4 - Added connection org.postgresql.jdbc.PgConnection@e972ee1
14:56:56.264 [main] INFO com.zaxxer.hikari.HikariDataSource -- HikariPool-4 - Start completed.
jdbcTemplate.update.insert = 1
jdbcTemplate.delete = 1
]]></system-out>
  </testcase>
  <testcase name="existPersonWithEmail" classname="com.rouchFirstCode.Customer.CustomerJDBCDataAccessServiceTest" time="0.031">
    <system-out><![CDATA[14:56:56.280 [main] INFO com.zaxxer.hikari.HikariDataSource -- HikariPool-5 - Starting...
14:56:56.301 [main] INFO com.zaxxer.hikari.pool.HikariPool -- HikariPool-5 - Added connection org.postgresql.jdbc.PgConnection@1bb96449
14:56:56.301 [main] INFO com.zaxxer.hikari.HikariDataSource -- HikariPool-5 - Start completed.
jdbcTemplate.update.insert = 1
]]></system-out>
  </testcase>
  <testcase name="existsPersonWithIdWillReturnFalseWhenIdNotPresent" classname="com.rouchFirstCode.Customer.CustomerJDBCDataAccessServiceTest" time="0.038">
    <system-out><![CDATA[14:56:56.314 [main] INFO com.zaxxer.hikari.HikariDataSource -- HikariPool-6 - Starting...
14:56:56.345 [main] INFO com.zaxxer.hikari.pool.HikariPool -- HikariPool-6 - Added connection org.postgresql.jdbc.PgConnection@7f8c48f3
14:56:56.347 [main] INFO com.zaxxer.hikari.HikariDataSource -- HikariPool-6 - Start completed.
]]></system-out>
  </testcase>
  <testcase name="uploadCustomer" classname="com.rouchFirstCode.Customer.CustomerJDBCDataAccessServiceTest" time="0.038">
    <system-out><![CDATA[14:56:56.360 [main] INFO com.zaxxer.hikari.HikariDataSource -- HikariPool-7 - Starting...
14:56:56.385 [main] INFO com.zaxxer.hikari.pool.HikariPool -- HikariPool-7 - Added connection org.postgresql.jdbc.PgConnection@7cca31fc
14:56:56.385 [main] INFO com.zaxxer.hikari.HikariDataSource -- HikariPool-7 - Start completed.
jdbcTemplate.update.insert = 1
]]></system-out>
  </testcase>
  <testcase name="willNotUpdateWhenNothingToUpdate" classname="com.rouchFirstCode.Customer.CustomerJDBCDataAccessServiceTest" time="0.049">
    <system-out><![CDATA[14:56:56.400 [main] INFO com.zaxxer.hikari.HikariDataSource -- HikariPool-8 - Starting...
14:56:56.431 [main] INFO com.zaxxer.hikari.pool.HikariPool -- HikariPool-8 - Added connection org.postgresql.jdbc.PgConnection@30cafd13
14:56:56.432 [main] INFO com.zaxxer.hikari.HikariDataSource -- HikariPool-8 - Start completed.
jdbcTemplate.update.insert = 1
]]></system-out>
  </testcase>
  <testcase name="existsPersonWithEmailReturnsFalseWhenDoesNotExists" classname="com.rouchFirstCode.Customer.CustomerJDBCDataAccessServiceTest" time="0.054">
    <system-out><![CDATA[14:56:56.460 [main] INFO com.zaxxer.hikari.HikariDataSource -- HikariPool-9 - Starting...
14:56:56.499 [main] INFO com.zaxxer.hikari.pool.HikariPool -- HikariPool-9 - Added connection org.postgresql.jdbc.PgConnection@2af9a5ef
14:56:56.500 [main] INFO com.zaxxer.hikari.HikariDataSource -- HikariPool-9 - Start completed.
]]></system-out>
  </testcase>
  <testcase name="selectCustomerById" classname="com.rouchFirstCode.Customer.CustomerJDBCDataAccessServiceTest" time="0.044">
    <system-out><![CDATA[14:56:56.509 [main] INFO com.zaxxer.hikari.HikariDataSource -- HikariPool-10 - Starting...
14:56:56.535 [main] INFO com.zaxxer.hikari.pool.HikariPool -- HikariPool-10 - Added connection org.postgresql.jdbc.PgConnection@12f9f896
14:56:56.536 [main] INFO com.zaxxer.hikari.HikariDataSource -- HikariPool-10 - Start completed.
jdbcTemplate.update.insert = 1
]]></system-out>
  </testcase>
  <testcase name="willReturnEmptyWhenSelectCustomerById" classname="com.rouchFirstCode.Customer.CustomerJDBCDataAccessServiceTest" time="0.052">
    <system-out><![CDATA[14:56:56.556 [main] INFO com.zaxxer.hikari.HikariDataSource -- HikariPool-11 - Starting...
14:56:56.593 [main] INFO com.zaxxer.hikari.pool.HikariPool -- HikariPool-11 - Added connection org.postgresql.jdbc.PgConnection@1b475663
14:56:56.596 [main] INFO com.zaxxer.hikari.HikariDataSource -- HikariPool-11 - Start completed.
]]></system-out>
  </testcase>
</testsuite>