<?xml version="1.0" encoding="UTF-8"?>
<testsuite xmlns:xsi="http://www.w3.org/2001/XMLSchema-instance" xsi:noNamespaceSchemaLocation="https://maven.apache.org/surefire/maven-surefire-plugin/xsd/surefire-test-report-3.0.xsd" version="3.0" name="com.amigoscode.TestContainersTest" time="2.423" tests="1" errors="0" skipped="0" failures="0">
  <properties>
[...]
</properties>
  <testcase name="canStartPostgresDB" classname="com.amigoscode.TestContainersTest" time="0.037">
    <system-out><![CDATA[18:06:19.125 [main] INFO org.testcontainers.utility.ImageNameSubstitutor -- Image name substitution will be performed by: DefaultImageNameSubstitutor (composite of 'ConfigurationFileImageNameSubstitutor' and 'PrefixingImageNameSubstitutor')
18:06:19.145 [main] INFO org.testcontainers.dockerclient.DockerClientProviderStrategy -- Loaded org.testcontainers.dockerclient.UnixSocketClientProviderStrategy from ~/.testcontainers.properties, will try it first
18:06:19.388 [main] INFO org.testcontainers.dockerclient.DockerClientProviderStrategy -- Found Docker environment with local Unix socket (unix:///var/run/docker.sock)
18:06:19.389 [main] INFO org.testcontainers.DockerClientFactory -- Docker host IP address is localhost
18:06:19.409 [main] INFO org.testcontainers.DockerClientFactory -- Connected to docker: 
  Server Version: 20.10.21
  API Version: 1.41
  Operating System: Docker Desktop
  Total Memory: 3933 MB
18:06:19.423 [main] INFO 🐳 [testcontainers/ryuk:0.3.4] -- Creating container for image: testcontainers/ryuk:0.3.4
18:06:19.725 [main] INFO 🐳 [testcontainers/ryuk:0.3.4] -- Container testcontainers/ryuk:0.3.4 is starting: e7d719f46ccd8f88fc6bfbd940dea18c6c6a80bd646741dd3eedafced776f847
18:06:20.041 [main] INFO 🐳 [testcontainers/ryuk:0.3.4] -- Container testcontainers/ryuk:0.3.4 started in PT0.628291S
18:06:20.045 [main] INFO org.testcontainers.utility.RyukResourceReaper -- Ryuk started - will monitor and terminate Testcontainers containers on JVM exit
18:06:20.045 [main] INFO org.testcontainers.DockerClientFactory -- Checking the system...
18:06:20.045 [main] INFO org.testcontainers.DockerClientFactory -- ✔︎ Docker server version should be at least 1.6.0
18:06:20.045 [main] INFO 🐳 [postgres:latest] -- Creating container for image: postgres:latest
18:06:20.066 [main] INFO 🐳 [postgres:latest] -- Container postgres:latest is starting: 76859f776a8b42748f6b376a80f35d70da3f672b3e87022668d63fce0773134b
18:06:21.056 [main] INFO 🐳 [postgres:latest] -- Container postgres:latest started in PT1.010508S
18:06:21.057 [main] INFO 🐳 [postgres:latest] -- Container is started (JDBC URL: jdbc:postgresql://localhost:53699/amigoscode-dao-unit-test?loggerLevel=OFF)
18:06:21.100 [main] INFO org.flywaydb.core.internal.license.VersionPrinter -- Flyway Community Edition 9.0.0 by Redgate
18:06:21.100 [main] INFO org.flywaydb.core.internal.license.VersionPrinter -- See what's new here: https://flywaydb.org/documentation/learnmore/releaseNotes#9.0.0
18:06:21.100 [main] INFO org.flywaydb.core.internal.license.VersionPrinter -- 
18:06:21.211 [main] INFO org.flywaydb.core.internal.database.base.BaseDatabaseType -- Database: jdbc:postgresql://localhost:53699/amigoscode-dao-unit-test (PostgreSQL 17.0)
18:06:21.217 [main] WARN org.flywaydb.core.internal.database.base.Database -- Flyway upgrade recommended: PostgreSQL 17.0 is newer than this version of Flyway and support has not been tested. The latest supported version of PostgreSQL is 14.
18:06:21.227 [main] INFO org.flywaydb.core.internal.command.DbValidate -- Successfully validated 2 migrations (execution time 00:00.006s)
18:06:21.235 [main] INFO org.flywaydb.core.internal.schemahistory.JdbcTableSchemaHistory -- Creating Schema History table "public"."flyway_schema_history" ...
18:06:21.248 [main] INFO org.flywaydb.core.internal.command.DbMigrate -- Current version of schema "public": << Empty Schema >>
18:06:21.251 [main] INFO org.flywaydb.core.internal.command.DbMigrate -- Migrating schema "public" to version "1 - Initial Setup"
18:06:21.262 [main] INFO org.flywaydb.core.internal.command.DbMigrate -- Migrating schema "public" to version "2 - Update Email Column Constraint"
18:06:21.270 [main] INFO org.flywaydb.core.internal.command.DbMigrate -- Successfully applied 2 migrations to schema "public", now at version v2 (execution time 00:00.024s)
]]></system-out>
  </testcase>
</testsuite>